<?xml version="1.0" encoding="UTF-8"?>
<testsuite xmlns:xsi="http://www.w3.org/2001/XMLSchema-instance" xsi:noNamespaceSchemaLocation="https://maven.apache.org/surefire/maven-surefire-plugin/xsd/surefire-test-report.xsd" name="com.example.app1.controller.AppControllerTest" time="8.535" tests="2" errors="0" skipped="0" failures="0">
  <properties>
[...]
</properties>
  <testcase name="sum" classname="com.example.app1.controller.AppControllerTest" time="0.749"/>
  <testcase name="home" classname="com.example.app1.controller.AppControllerTest" time="0.098"/>
</testsuite>